<?xml version="1.0" encoding="UTF-8"?>
<!-- Generated by org.testng.reporters.JUnitXMLReporter -->
<testsuite ignored="0" hostname="DESKTOP-FR6RTA1" failures="0" tests="4" name="Test1" time="0.216" errors="0" timestamp="2024-03-08T15:41:03 IST">
  <testcase classname="test_selenium.NewTest" name="f" time="0.011"/>
  <testcase classname="test_selenium.NewTest" name="g" time="0.008"/>
  <testcase classname="test_selenium.NewTest" name="h" time="0.005"/>
  <testcase classname="test_selenium.TestNG_Test" name="name" time="0.009"/>
</testsuite> <!-- Test1 -->
