<?xml version="1.0" encoding="UTF-8"?>
<testng-results ignored="0" total="5" passed="5" failed="0" skipped="0">
  <reporter-output>
  </reporter-output>
  <suite started-at="2024-03-08T15:41:03 IST" name="Suite1" finished-at="2024-03-08T15:41:03 IST" duration-ms="448">
    <groups>
    </groups>
    <test started-at="2024-03-08T15:41:03 IST" name="Test1" finished-at="2024-03-08T15:41:03 IST" duration-ms="216">
      <class name="test_selenium.TestNG_Test">
        <test-method signature="name()[pri:0, instance:test_selenium.TestNG_Test@740cae06]" started-at="2024-03-08T15:41:03 IST" name="name" finished-at="2024-03-08T15:41:03 IST" duration-ms="9" status="PASS">
          <reporter-output>
          </reporter-output>
        </test-method> <!-- name -->
      </class> <!-- test_selenium.TestNG_Test -->
      <class name="test_selenium.NewTest">
        <test-method is-config="true" signature="beforeTest()[pri:0, instance:test_selenium.NewTest@3646a422]" started-at="2024-03-08T15:41:03 IST" name="beforeTest" finished-at="2024-03-08T15:41:03 IST" duration-ms="1" status="PASS">
          <reporter-output>
          </reporter-output>
        </test-method> <!-- beforeTest -->
        <test-method is-config="true" signature="beforeClass()[pri:0, instance:test_selenium.NewTest@3646a422]" started-at="2024-03-08T15:41:03 IST" name="beforeClass" finished-at="2024-03-08T15:41:03 IST" duration-ms="3" status="PASS">
          <reporter-output>
          </reporter-output>
        </test-method> <!-- beforeClass -->
        <test-method is-config="true" signature="beforeMethod()[pri:0, instance:test_selenium.NewTest@3646a422]" started-at="2024-03-08T15:41:03 IST" name="beforeMethod" finished-at="2024-03-08T15:41:03 IST" duration-ms="4" status="PASS">
          <reporter-output>
          </reporter-output>
        </test-method> <!-- beforeMethod -->
        <test-method signature="f()[pri:0, instance:test_selenium.NewTest@3646a422]" started-at="2024-03-08T15:41:03 IST" name="f" finished-at="2024-03-08T15:41:03 IST" duration-ms="11" status="PASS">
          <reporter-output>
          </reporter-output>
        </test-method> <!-- f -->
        <test-method is-config="true" signature="afterMethod()[pri:0, instance:test_selenium.NewTest@3646a422]" started-at="2024-03-08T15:41:03 IST" name="afterMethod" finished-at="2024-03-08T15:41:03 IST" duration-ms="0" status="PASS">
          <reporter-output>
          </reporter-output>
        </test-method> <!-- afterMethod -->
        <test-method is-config="true" signature="beforeMethod()[pri:0, instance:test_selenium.NewTest@3646a422]" started-at="2024-03-08T15:41:03 IST" name="beforeMethod" finished-at="2024-03-08T15:41:03 IST" duration-ms="3" status="PASS">
          <reporter-output>
          </reporter-output>
        </test-method> <!-- beforeMethod -->
        <test-method signature="g()[pri:0, instance:test_selenium.NewTest@3646a422]" started-at="2024-03-08T15:41:03 IST" name="g" finished-at="2024-03-08T15:41:03 IST" duration-ms="8" status="PASS">
          <reporter-output>
          </reporter-output>
        </test-method> <!-- g -->
        <test-method is-config="true" signature="afterMethod()[pri:0, instance:test_selenium.NewTest@3646a422]" started-at="2024-03-08T15:41:03 IST" name="afterMethod" finished-at="2024-03-08T15:41:03 IST" duration-ms="3" status="PASS">
          <reporter-output>
          </reporter-output>
        </test-method> <!-- afterMethod -->
        <test-method is-config="true" signature="beforeMethod()[pri:0, instance:test_selenium.NewTest@3646a422]" started-at="2024-03-08T15:41:03 IST" name="beforeMethod" finished-at="2024-03-08T15:41:03 IST" duration-ms="1" status="PASS">
          <reporter-output>
          </reporter-output>
        </test-method> <!-- beforeMethod -->
        <test-method signature="h()[pri:0, instance:test_selenium.NewTest@3646a422]" started-at="2024-03-08T15:41:03 IST" name="h" finished-at="2024-03-08T15:41:03 IST" duration-ms="5" status="PASS">
          <reporter-output>
          </reporter-output>
        </test-method> <!-- h -->
        <test-method is-config="true" signature="afterMethod()[pri:0, instance:test_selenium.NewTest@3646a422]" started-at="2024-03-08T15:41:03 IST" name="afterMethod" finished-at="2024-03-08T15:41:03 IST" duration-ms="1" status="PASS">
          <reporter-output>
          </reporter-output>
        </test-method> <!-- afterMethod -->
        <test-method is-config="true" signature="afterClass()[pri:0, instance:test_selenium.NewTest@3646a422]" started-at="2024-03-08T15:41:03 IST" name="afterClass" finished-at="2024-03-08T15:41:03 IST" duration-ms="7" status="PASS">
          <reporter-output>
          </reporter-output>
        </test-method> <!-- afterClass -->
        <test-method is-config="true" signature="afterTest()[pri:0, instance:test_selenium.NewTest@3646a422]" started-at="2024-03-08T15:41:03 IST" name="afterTest" finished-at="2024-03-08T15:41:03 IST" duration-ms="3" status="PASS">
          <reporter-output>
          </reporter-output>
        </test-method> <!-- afterTest -->
      </class> <!-- test_selenium.NewTest -->
    </test> <!-- Test1 -->
    <test started-at="2024-03-08T15:41:03 IST" name="Only test" finished-at="2024-03-08T15:41:03 IST" duration-ms="17">
      <class name="test_selenium.NewTest1">
        <test-method signature="f()[pri:0, instance:test_selenium.NewTest1@350aac89]" started-at="2024-03-08T15:41:03 IST" name="f" finished-at="2024-03-08T15:41:03 IST" duration-ms="5" status="PASS">
          <reporter-output>
          </reporter-output>
        </test-method> <!-- f -->
      </class> <!-- test_selenium.NewTest1 -->
      <class name="test_selenium.NewTest">
        <test-method is-config="true" signature="beforeSuite()[pri:0, instance:test_selenium.NewTest@3646a422]" started-at="2024-03-08T15:41:03 IST" name="beforeSuite" finished-at="2024-03-08T15:41:03 IST" duration-ms="27" status="PASS">
          <reporter-output>
          </reporter-output>
        </test-method> <!-- beforeSuite -->
        <test-method is-config="true" signature="afterSuite()[pri:0, instance:test_selenium.NewTest@3646a422]" started-at="2024-03-08T15:41:03 IST" name="afterSuite" finished-at="2024-03-08T15:41:03 IST" duration-ms="1" status="PASS">
          <reporter-output>
          </reporter-output>
        </test-method> <!-- afterSuite -->
      </class> <!-- test_selenium.NewTest -->
    </test> <!-- Only test -->
  </suite> <!-- Suite1 -->
</testng-results>
